<?xml version="1.0" encoding="UTF-8"?>
<testsuite xmlns:xsi="http://www.w3.org/2001/XMLSchema-instance" xsi:noNamespaceSchemaLocation="https://maven.apache.org/surefire/maven-surefire-plugin/xsd/surefire-test-report.xsd" version="3.0.2" name="br.com.vechiato.donnacida_api.DonnacidaApiApplicationTests" time="1.799" tests="1" errors="0" skipped="0" failures="0">
  <properties>
    <property name="java.specification.version" value="17"/>
    <property name="sun.jnu.encoding" value="UTF-8"/>
    <property name="java.class.path" value="/Users/rvechiato/Projects/DonaCidaApp/quaternion-app-donnacida-api/app/target/test-classes:/Users/rvechiato/Projects/DonaCidaApp/quaternion-app-donnacida-api/app/target/classes:/Users/rvechiato/.m2/repository/org/springframework/boot/spring-boot-starter-web/3.4.1/spring-boot-starter-web-3.4.1.jar:/Users/rvechiato/.m2/repository/org/springframework/boot/spring-boot-starter/3.4.1/spring-boot-starter-3.4.1.jar:/Users/rvechiato/.m2/repository/org/springframework/boot/spring-boot/3.4.1/spring-boot-3.4.1.jar:/Users/rvechiato/.m2/repository/org/springframework/boot/spring-boot-autoconfigure/3.4.1/spring-boot-autoconfigure-3.4.1.jar:/Users/rvechiato/.m2/repository/org/springframework/boot/spring-boot-starter-logging/3.4.1/spring-boot-starter-logging-3.4.1.jar:/Users/rvechiato/.m2/repository/ch/qos/logback/logback-classic/1.5.12/logback-classic-1.5.12.jar:/Users/rvechiato/.m2/repository/ch/qos/logback/logback-core/1.5.12/logback-core-1.5.12.jar:/Users/rvechiato/.m2/repository/org/apache/logging/log4j/log4j-to-slf4j/2.24.3/log4j-to-slf4j-2.24.3.jar:/Users/rvechiato/.m2/repository/org/apache/logging/log4j/log4j-api/2.24.3/log4j-api-2.24.3.jar:/Users/rvechiato/.m2/repository/org/slf4j/jul-to-slf4j/2.0.16/jul-to-slf4j-2.0.16.jar:/Users/rvechiato/.m2/repository/jakarta/annotation/jakarta.annotation-api/2.1.1/jakarta.annotation-api-2.1.1.jar:/Users/rvechiato/.m2/repository/org/yaml/snakeyaml/2.3/snakeyaml-2.3.jar:/Users/rvechiato/.m2/repository/org/springframework/boot/spring-boot-starter-json/3.4.1/spring-boot-starter-json-3.4.1.jar:/Users/rvechiato/.m2/repository/com/fasterxml/jackson/core/jackson-databind/2.18.2/jackson-databind-2.18.2.jar:/Users/rvechiato/.m2/repository/com/fasterxml/jackson/core/jackson-annotations/2.18.2/jackson-annotations-2.18.2.jar:/Users/rvechiato/.m2/repository/com/fasterxml/jackson/core/jackson-core/2.18.2/jackson-core-2.18.2.jar:/Users/rvechiato/.m2/repository/com/fasterxml/jackson/datatype/jackson-datatype-jdk8/2.18.2/jackson-datatype-jdk8-2.18.2.jar:/Users/rvechiato/.m2/repository/com/fasterxml/jackson/datatype/jackson-datatype-jsr310/2.18.2/jackson-datatype-jsr310-2.18.2.jar:/Users/rvechiato/.m2/repository/com/fasterxml/jackson/module/jackson-module-parameter-names/2.18.2/jackson-module-parameter-names-2.18.2.jar:/Users/rvechiato/.m2/repository/org/springframework/boot/spring-boot-starter-tomcat/3.4.1/spring-boot-starter-tomcat-3.4.1.jar:/Users/rvechiato/.m2/repository/org/apache/tomcat/embed/tomcat-embed-core/10.1.34/tomcat-embed-core-10.1.34.jar:/Users/rvechiato/.m2/repository/org/apache/tomcat/embed/tomcat-embed-websocket/10.1.34/tomcat-embed-websocket-10.1.34.jar:/Users/rvechiato/.m2/repository/org/springframework/spring-web/6.2.1/spring-web-6.2.1.jar:/Users/rvechiato/.m2/repository/org/springframework/spring-beans/6.2.1/spring-beans-6.2.1.jar:/Users/rvechiato/.m2/repository/org/springframework/spring-webmvc/6.2.1/spring-webmvc-6.2.1.jar:/Users/rvechiato/.m2/repository/org/springframework/spring-aop/6.2.1/spring-aop-6.2.1.jar:/Users/rvechiato/.m2/repository/org/springframework/spring-context/6.2.1/spring-context-6.2.1.jar:/Users/rvechiato/.m2/repository/org/springframework/spring-expression/6.2.1/spring-expression-6.2.1.jar:/Users/rvechiato/.m2/repository/org/springframework/boot/spring-boot-starter-validation/3.4.1/spring-boot-starter-validation-3.4.1.jar:/Users/rvechiato/.m2/repository/org/apache/tomcat/embed/tomcat-embed-el/10.1.34/tomcat-embed-el-10.1.34.jar:/Users/rvechiato/.m2/repository/org/hibernate/validator/hibernate-validator/8.0.2.Final/hibernate-validator-8.0.2.Final.jar:/Users/rvechiato/.m2/repository/jakarta/validation/jakarta.validation-api/3.0.2/jakarta.validation-api-3.0.2.jar:/Users/rvechiato/.m2/repository/org/jboss/logging/jboss-logging/3.6.1.Final/jboss-logging-3.6.1.Final.jar:/Users/rvechiato/.m2/repository/com/fasterxml/classmate/1.7.0/classmate-1.7.0.jar:/Users/rvechiato/.m2/repository/io/awspring/cloud/spring-cloud-aws-starter-dynamodb/3.0.1/spring-cloud-aws-starter-dynamodb-3.0.1.jar:/Users/rvechiato/.m2/repository/io/awspring/cloud/spring-cloud-aws-dynamodb/3.0.1/spring-cloud-aws-dynamodb-3.0.1.jar:/Users/rvechiato/.m2/repository/software/amazon/awssdk/dynamodb/2.20.63/dynamodb-2.20.63.jar:/Users/rvechiato/.m2/repository/software/amazon/awssdk/aws-json-protocol/2.20.63/aws-json-protocol-2.20.63.jar:/Users/rvechiato/.m2/repository/software/amazon/awssdk/third-party-jackson-core/2.20.63/third-party-jackson-core-2.20.63.jar:/Users/rvechiato/.m2/repository/software/amazon/awssdk/protocol-core/2.20.63/protocol-core-2.20.63.jar:/Users/rvechiato/.m2/repository/software/amazon/awssdk/profiles/2.20.63/profiles-2.20.63.jar:/Users/rvechiato/.m2/repository/software/amazon/awssdk/sdk-core/2.20.63/sdk-core-2.20.63.jar:/Users/rvechiato/.m2/repository/org/reactivestreams/reactive-streams/1.0.4/reactive-streams-1.0.4.jar:/Users/rvechiato/.m2/repository/software/amazon/awssdk/auth/2.20.63/auth-2.20.63.jar:/Users/rvechiato/.m2/repository/software/amazon/eventstream/eventstream/1.0.1/eventstream-1.0.1.jar:/Users/rvechiato/.m2/repository/software/amazon/awssdk/http-client-spi/2.20.63/http-client-spi-2.20.63.jar:/Users/rvechiato/.m2/repository/software/amazon/awssdk/regions/2.20.63/regions-2.20.63.jar:/Users/rvechiato/.m2/repository/software/amazon/awssdk/annotations/2.20.63/annotations-2.20.63.jar:/Users/rvechiato/.m2/repository/software/amazon/awssdk/utils/2.20.63/utils-2.20.63.jar:/Users/rvechiato/.m2/repository/software/amazon/awssdk/aws-core/2.20.63/aws-core-2.20.63.jar:/Users/rvechiato/.m2/repository/software/amazon/awssdk/metrics-spi/2.20.63/metrics-spi-2.20.63.jar:/Users/rvechiato/.m2/repository/software/amazon/awssdk/json-utils/2.20.63/json-utils-2.20.63.jar:/Users/rvechiato/.m2/repository/software/amazon/awssdk/endpoints-spi/2.20.63/endpoints-spi-2.20.63.jar:/Users/rvechiato/.m2/repository/software/amazon/awssdk/apache-client/2.20.63/apache-client-2.20.63.jar:/Users/rvechiato/.m2/repository/org/apache/httpcomponents/httpclient/4.5.13/httpclient-4.5.13.jar:/Users/rvechiato/.m2/repository/commons-logging/commons-logging/1.2/commons-logging-1.2.jar:/Users/rvechiato/.m2/repository/org/apache/httpcomponents/httpcore/4.4.16/httpcore-4.4.16.jar:/Users/rvechiato/.m2/repository/commons-codec/commons-codec/1.17.1/commons-codec-1.17.1.jar:/Users/rvechiato/.m2/repository/software/amazon/awssdk/netty-nio-client/2.20.63/netty-nio-client-2.20.63.jar:/Users/rvechiato/.m2/repository/io/netty/netty-codec-http/4.1.116.Final/netty-codec-http-4.1.116.Final.jar:/Users/rvechiato/.m2/repository/io/netty/netty-codec-http2/4.1.116.Final/netty-codec-http2-4.1.116.Final.jar:/Users/rvechiato/.m2/repository/io/netty/netty-codec/4.1.116.Final/netty-codec-4.1.116.Final.jar:/Users/rvechiato/.m2/repository/io/netty/netty-transport/4.1.116.Final/netty-transport-4.1.116.Final.jar:/Users/rvechiato/.m2/repository/io/netty/netty-resolver/4.1.116.Final/netty-resolver-4.1.116.Final.jar:/Users/rvechiato/.m2/repository/io/netty/netty-common/4.1.116.Final/netty-common-4.1.116.Final.jar:/Users/rvechiato/.m2/repository/io/netty/netty-buffer/4.1.116.Final/netty-buffer-4.1.116.Final.jar:/Users/rvechiato/.m2/repository/io/netty/netty-handler/4.1.116.Final/netty-handler-4.1.116.Final.jar:/Users/rvechiato/.m2/repository/io/netty/netty-transport-native-unix-common/4.1.116.Final/netty-transport-native-unix-common-4.1.116.Final.jar:/Users/rvechiato/.m2/repository/io/netty/netty-transport-classes-epoll/4.1.116.Final/netty-transport-classes-epoll-4.1.116.Final.jar:/Users/rvechiato/.m2/repository/software/amazon/awssdk/dynamodb-enhanced/2.20.63/dynamodb-enhanced-2.20.63.jar:/Users/rvechiato/.m2/repository/io/awspring/cloud/spring-cloud-aws-starter/3.0.1/spring-cloud-aws-starter-3.0.1.jar:/Users/rvechiato/.m2/repository/io/awspring/cloud/spring-cloud-aws-autoconfigure/3.0.1/spring-cloud-aws-autoconfigure-3.0.1.jar:/Users/rvechiato/.m2/repository/io/awspring/cloud/spring-cloud-aws-core/3.0.1/spring-cloud-aws-core-3.0.1.jar:/Users/rvechiato/.m2/repository/org/slf4j/slf4j-api/2.0.16/slf4j-api-2.0.16.jar:/Users/rvechiato/.m2/repository/org/projectlombok/lombok/1.18.30/lombok-1.18.30.jar:/Users/rvechiato/.m2/repository/org/springframework/boot/spring-boot-starter-test/3.4.1/spring-boot-starter-test-3.4.1.jar:/Users/rvechiato/.m2/repository/org/springframework/boot/spring-boot-test/3.4.1/spring-boot-test-3.4.1.jar:/Users/rvechiato/.m2/repository/org/springframework/boot/spring-boot-test-autoconfigure/3.4.1/spring-boot-test-autoconfigure-3.4.1.jar:/Users/rvechiato/.m2/repository/com/jayway/jsonpath/json-path/2.9.0/json-path-2.9.0.jar:/Users/rvechiato/.m2/repository/jakarta/xml/bind/jakarta.xml.bind-api/4.0.2/jakarta.xml.bind-api-4.0.2.jar:/Users/rvechiato/.m2/repository/jakarta/activation/jakarta.activation-api/2.1.3/jakarta.activation-api-2.1.3.jar:/Users/rvechiato/.m2/repository/net/minidev/json-smart/2.5.1/json-smart-2.5.1.jar:/Users/rvechiato/.m2/repository/net/minidev/accessors-smart/2.5.1/accessors-smart-2.5.1.jar:/Users/rvechiato/.m2/repository/org/ow2/asm/asm/9.6/asm-9.6.jar:/Users/rvechiato/.m2/repository/org/assertj/assertj-core/3.26.3/assertj-core-3.26.3.jar:/Users/rvechiato/.m2/repository/net/bytebuddy/byte-buddy/1.15.11/byte-buddy-1.15.11.jar:/Users/rvechiato/.m2/repository/org/awaitility/awaitility/4.2.2/awaitility-4.2.2.jar:/Users/rvechiato/.m2/repository/org/hamcrest/hamcrest/2.2/hamcrest-2.2.jar:/Users/rvechiato/.m2/repository/org/junit/jupiter/junit-jupiter/5.11.4/junit-jupiter-5.11.4.jar:/Users/rvechiato/.m2/repository/org/junit/jupiter/junit-jupiter-api/5.11.4/junit-jupiter-api-5.11.4.jar:/Users/rvechiato/.m2/repository/org/opentest4j/opentest4j/1.3.0/opentest4j-1.3.0.jar:/Users/rvechiato/.m2/repository/org/junit/platform/junit-platform-commons/1.11.4/junit-platform-commons-1.11.4.jar:/Users/rvechiato/.m2/repository/org/apiguardian/apiguardian-api/1.1.2/apiguardian-api-1.1.2.jar:/Users/rvechiato/.m2/repository/org/junit/jupiter/junit-jupiter-params/5.11.4/junit-jupiter-params-5.11.4.jar:/Users/rvechiato/.m2/repository/org/junit/jupiter/junit-jupiter-engine/5.11.4/junit-jupiter-engine-5.11.4.jar:/Users/rvechiato/.m2/repository/org/junit/platform/junit-platform-engine/1.11.4/junit-platform-engine-1.11.4.jar:/Users/rvechiato/.m2/repository/org/mockito/mockito-core/5.14.2/mockito-core-5.14.2.jar:/Users/rvechiato/.m2/repository/net/bytebuddy/byte-buddy-agent/1.15.11/byte-buddy-agent-1.15.11.jar:/Users/rvechiato/.m2/repository/org/objenesis/objenesis/3.3/objenesis-3.3.jar:/Users/rvechiato/.m2/repository/org/mockito/mockito-junit-jupiter/5.14.2/mockito-junit-jupiter-5.14.2.jar:/Users/rvechiato/.m2/repository/org/skyscreamer/jsonassert/1.5.3/jsonassert-1.5.3.jar:/Users/rvechiato/.m2/repository/com/vaadin/external/google/android-json/0.0.20131108.vaadin1/android-json-0.0.20131108.vaadin1.jar:/Users/rvechiato/.m2/repository/org/springframework/spring-core/6.2.1/spring-core-6.2.1.jar:/Users/rvechiato/.m2/repository/org/springframework/spring-jcl/6.2.1/spring-jcl-6.2.1.jar:/Users/rvechiato/.m2/repository/org/springframework/spring-test/6.2.1/spring-test-6.2.1.jar:/Users/rvechiato/.m2/repository/org/xmlunit/xmlunit-core/2.10.0/xmlunit-core-2.10.0.jar:/Users/rvechiato/.m2/repository/org/mapstruct/mapstruct/1.5.5.Final/mapstruct-1.5.5.Final.jar:/Users/rvechiato/.m2/repository/org/mapstruct/mapstruct-processor/1.5.5.Final/mapstruct-processor-1.5.5.Final.jar:/Users/rvechiato/.m2/repository/org/springframework/boot/spring-boot-starter-actuator/3.4.1/spring-boot-starter-actuator-3.4.1.jar:/Users/rvechiato/.m2/repository/org/springframework/boot/spring-boot-actuator-autoconfigure/3.4.1/spring-boot-actuator-autoconfigure-3.4.1.jar:/Users/rvechiato/.m2/repository/org/springframework/boot/spring-boot-actuator/3.4.1/spring-boot-actuator-3.4.1.jar:/Users/rvechiato/.m2/repository/io/micrometer/micrometer-observation/1.14.2/micrometer-observation-1.14.2.jar:/Users/rvechiato/.m2/repository/io/micrometer/micrometer-commons/1.14.2/micrometer-commons-1.14.2.jar:/Users/rvechiato/.m2/repository/io/micrometer/micrometer-jakarta9/1.14.2/micrometer-jakarta9-1.14.2.jar:/Users/rvechiato/.m2/repository/io/micrometer/micrometer-core/1.14.2/micrometer-core-1.14.2.jar:/Users/rvechiato/.m2/repository/org/hdrhistogram/HdrHistogram/2.2.2/HdrHistogram-2.2.2.jar:/Users/rvechiato/.m2/repository/org/latencyutils/LatencyUtils/2.0.3/LatencyUtils-2.0.3.jar:"/>
    <property name="java.vm.vendor" value="Amazon.com Inc."/>
    <property name="sun.arch.data.model" value="64"/>
    <property name="java.vendor.url" value="https://aws.amazon.com/corretto/"/>
    <property name="user.timezone" value="America/Sao_Paulo"/>
    <property name="org.jboss.logging.provider" value="slf4j"/>
    <property name="os.name" value="Mac OS X"/>
    <property name="java.vm.specification.version" value="17"/>
    <property name="APPLICATION_NAME" value="donnacida-api"/>
    <property name="sun.java.launcher" value="SUN_STANDARD"/>
    <property name="user.country" value="US"/>
    <property name="sun.boot.library.path" value="/Users/rvechiato/Library/Java/JavaVirtualMachines/corretto-17.0.12/Contents/Home/lib"/>
    <property name="sun.java.command" value="/Users/rvechiato/Projects/DonaCidaApp/quaternion-app-donnacida-api/app/target/surefire/surefirebooter-20250222194918519_3.jar /Users/rvechiato/Projects/DonaCidaApp/quaternion-app-donnacida-api/app/target/surefire 2025-02-22T19-49-18_474-jvmRun1 surefire-20250222194918519_1tmp surefire_0-20250222194918519_2tmp"/>
    <property name="http.nonProxyHosts" value="local|*.local|169.254/16|*.169.254/16"/>
    <property name="jdk.debug" value="release"/>
    <property name="surefire.test.class.path" value="/Users/rvechiato/Projects/DonaCidaApp/quaternion-app-donnacida-api/app/target/test-classes:/Users/rvechiato/Projects/DonaCidaApp/quaternion-app-donnacida-api/app/target/classes:/Users/rvechiato/.m2/repository/org/springframework/boot/spring-boot-starter-web/3.4.1/spring-boot-starter-web-3.4.1.jar:/Users/rvechiato/.m2/repository/org/springframework/boot/spring-boot-starter/3.4.1/spring-boot-starter-3.4.1.jar:/Users/rvechiato/.m2/repository/org/springframework/boot/spring-boot/3.4.1/spring-boot-3.4.1.jar:/Users/rvechiato/.m2/repository/org/springframework/boot/spring-boot-autoconfigure/3.4.1/spring-boot-autoconfigure-3.4.1.jar:/Users/rvechiato/.m2/repository/org/springframework/boot/spring-boot-starter-logging/3.4.1/spring-boot-starter-logging-3.4.1.jar:/Users/rvechiato/.m2/repository/ch/qos/logback/logback-classic/1.5.12/logback-classic-1.5.12.jar:/Users/rvechiato/.m2/repository/ch/qos/logback/logback-core/1.5.12/logback-core-1.5.12.jar:/Users/rvechiato/.m2/repository/org/apache/logging/log4j/log4j-to-slf4j/2.24.3/log4j-to-slf4j-2.24.3.jar:/Users/rvechiato/.m2/repository/org/apache/logging/log4j/log4j-api/2.24.3/log4j-api-2.24.3.jar:/Users/rvechiato/.m2/repository/org/slf4j/jul-to-slf4j/2.0.16/jul-to-slf4j-2.0.16.jar:/Users/rvechiato/.m2/repository/jakarta/annotation/jakarta.annotation-api/2.1.1/jakarta.annotation-api-2.1.1.jar:/Users/rvechiato/.m2/repository/org/yaml/snakeyaml/2.3/snakeyaml-2.3.jar:/Users/rvechiato/.m2/repository/org/springframework/boot/spring-boot-starter-json/3.4.1/spring-boot-starter-json-3.4.1.jar:/Users/rvechiato/.m2/repository/com/fasterxml/jackson/core/jackson-databind/2.18.2/jackson-databind-2.18.2.jar:/Users/rvechiato/.m2/repository/com/fasterxml/jackson/core/jackson-annotations/2.18.2/jackson-annotations-2.18.2.jar:/Users/rvechiato/.m2/repository/com/fasterxml/jackson/core/jackson-core/2.18.2/jackson-core-2.18.2.jar:/Users/rvechiato/.m2/repository/com/fasterxml/jackson/datatype/jackson-datatype-jdk8/2.18.2/jackson-datatype-jdk8-2.18.2.jar:/Users/rvechiato/.m2/repository/com/fasterxml/jackson/datatype/jackson-datatype-jsr310/2.18.2/jackson-datatype-jsr310-2.18.2.jar:/Users/rvechiato/.m2/repository/com/fasterxml/jackson/module/jackson-module-parameter-names/2.18.2/jackson-module-parameter-names-2.18.2.jar:/Users/rvechiato/.m2/repository/org/springframework/boot/spring-boot-starter-tomcat/3.4.1/spring-boot-starter-tomcat-3.4.1.jar:/Users/rvechiato/.m2/repository/org/apache/tomcat/embed/tomcat-embed-core/10.1.34/tomcat-embed-core-10.1.34.jar:/Users/rvechiato/.m2/repository/org/apache/tomcat/embed/tomcat-embed-websocket/10.1.34/tomcat-embed-websocket-10.1.34.jar:/Users/rvechiato/.m2/repository/org/springframework/spring-web/6.2.1/spring-web-6.2.1.jar:/Users/rvechiato/.m2/repository/org/springframework/spring-beans/6.2.1/spring-beans-6.2.1.jar:/Users/rvechiato/.m2/repository/org/springframework/spring-webmvc/6.2.1/spring-webmvc-6.2.1.jar:/Users/rvechiato/.m2/repository/org/springframework/spring-aop/6.2.1/spring-aop-6.2.1.jar:/Users/rvechiato/.m2/repository/org/springframework/spring-context/6.2.1/spring-context-6.2.1.jar:/Users/rvechiato/.m2/repository/org/springframework/spring-expression/6.2.1/spring-expression-6.2.1.jar:/Users/rvechiato/.m2/repository/org/springframework/boot/spring-boot-starter-validation/3.4.1/spring-boot-starter-validation-3.4.1.jar:/Users/rvechiato/.m2/repository/org/apache/tomcat/embed/tomcat-embed-el/10.1.34/tomcat-embed-el-10.1.34.jar:/Users/rvechiato/.m2/repository/org/hibernate/validator/hibernate-validator/8.0.2.Final/hibernate-validator-8.0.2.Final.jar:/Users/rvechiato/.m2/repository/jakarta/validation/jakarta.validation-api/3.0.2/jakarta.validation-api-3.0.2.jar:/Users/rvechiato/.m2/repository/org/jboss/logging/jboss-logging/3.6.1.Final/jboss-logging-3.6.1.Final.jar:/Users/rvechiato/.m2/repository/com/fasterxml/classmate/1.7.0/classmate-1.7.0.jar:/Users/rvechiato/.m2/repository/io/awspring/cloud/spring-cloud-aws-starter-dynamodb/3.0.1/spring-cloud-aws-starter-dynamodb-3.0.1.jar:/Users/rvechiato/.m2/repository/io/awspring/cloud/spring-cloud-aws-dynamodb/3.0.1/spring-cloud-aws-dynamodb-3.0.1.jar:/Users/rvechiato/.m2/repository/software/amazon/awssdk/dynamodb/2.20.63/dynamodb-2.20.63.jar:/Users/rvechiato/.m2/repository/software/amazon/awssdk/aws-json-protocol/2.20.63/aws-json-protocol-2.20.63.jar:/Users/rvechiato/.m2/repository/software/amazon/awssdk/third-party-jackson-core/2.20.63/third-party-jackson-core-2.20.63.jar:/Users/rvechiato/.m2/repository/software/amazon/awssdk/protocol-core/2.20.63/protocol-core-2.20.63.jar:/Users/rvechiato/.m2/repository/software/amazon/awssdk/profiles/2.20.63/profiles-2.20.63.jar:/Users/rvechiato/.m2/repository/software/amazon/awssdk/sdk-core/2.20.63/sdk-core-2.20.63.jar:/Users/rvechiato/.m2/repository/org/reactivestreams/reactive-streams/1.0.4/reactive-streams-1.0.4.jar:/Users/rvechiato/.m2/repository/software/amazon/awssdk/auth/2.20.63/auth-2.20.63.jar:/Users/rvechiato/.m2/repository/software/amazon/eventstream/eventstream/1.0.1/eventstream-1.0.1.jar:/Users/rvechiato/.m2/repository/software/amazon/awssdk/http-client-spi/2.20.63/http-client-spi-2.20.63.jar:/Users/rvechiato/.m2/repository/software/amazon/awssdk/regions/2.20.63/regions-2.20.63.jar:/Users/rvechiato/.m2/repository/software/amazon/awssdk/annotations/2.20.63/annotations-2.20.63.jar:/Users/rvechiato/.m2/repository/software/amazon/awssdk/utils/2.20.63/utils-2.20.63.jar:/Users/rvechiato/.m2/repository/software/amazon/awssdk/aws-core/2.20.63/aws-core-2.20.63.jar:/Users/rvechiato/.m2/repository/software/amazon/awssdk/metrics-spi/2.20.63/metrics-spi-2.20.63.jar:/Users/rvechiato/.m2/repository/software/amazon/awssdk/json-utils/2.20.63/json-utils-2.20.63.jar:/Users/rvechiato/.m2/repository/software/amazon/awssdk/endpoints-spi/2.20.63/endpoints-spi-2.20.63.jar:/Users/rvechiato/.m2/repository/software/amazon/awssdk/apache-client/2.20.63/apache-client-2.20.63.jar:/Users/rvechiato/.m2/repository/org/apache/httpcomponents/httpclient/4.5.13/httpclient-4.5.13.jar:/Users/rvechiato/.m2/repository/commons-logging/commons-logging/1.2/commons-logging-1.2.jar:/Users/rvechiato/.m2/repository/org/apache/httpcomponents/httpcore/4.4.16/httpcore-4.4.16.jar:/Users/rvechiato/.m2/repository/commons-codec/commons-codec/1.17.1/commons-codec-1.17.1.jar:/Users/rvechiato/.m2/repository/software/amazon/awssdk/netty-nio-client/2.20.63/netty-nio-client-2.20.63.jar:/Users/rvechiato/.m2/repository/io/netty/netty-codec-http/4.1.116.Final/netty-codec-http-4.1.116.Final.jar:/Users/rvechiato/.m2/repository/io/netty/netty-codec-http2/4.1.116.Final/netty-codec-http2-4.1.116.Final.jar:/Users/rvechiato/.m2/repository/io/netty/netty-codec/4.1.116.Final/netty-codec-4.1.116.Final.jar:/Users/rvechiato/.m2/repository/io/netty/netty-transport/4.1.116.Final/netty-transport-4.1.116.Final.jar:/Users/rvechiato/.m2/repository/io/netty/netty-resolver/4.1.116.Final/netty-resolver-4.1.116.Final.jar:/Users/rvechiato/.m2/repository/io/netty/netty-common/4.1.116.Final/netty-common-4.1.116.Final.jar:/Users/rvechiato/.m2/repository/io/netty/netty-buffer/4.1.116.Final/netty-buffer-4.1.116.Final.jar:/Users/rvechiato/.m2/repository/io/netty/netty-handler/4.1.116.Final/netty-handler-4.1.116.Final.jar:/Users/rvechiato/.m2/repository/io/netty/netty-transport-native-unix-common/4.1.116.Final/netty-transport-native-unix-common-4.1.116.Final.jar:/Users/rvechiato/.m2/repository/io/netty/netty-transport-classes-epoll/4.1.116.Final/netty-transport-classes-epoll-4.1.116.Final.jar:/Users/rvechiato/.m2/repository/software/amazon/awssdk/dynamodb-enhanced/2.20.63/dynamodb-enhanced-2.20.63.jar:/Users/rvechiato/.m2/repository/io/awspring/cloud/spring-cloud-aws-starter/3.0.1/spring-cloud-aws-starter-3.0.1.jar:/Users/rvechiato/.m2/repository/io/awspring/cloud/spring-cloud-aws-autoconfigure/3.0.1/spring-cloud-aws-autoconfigure-3.0.1.jar:/Users/rvechiato/.m2/repository/io/awspring/cloud/spring-cloud-aws-core/3.0.1/spring-cloud-aws-core-3.0.1.jar:/Users/rvechiato/.m2/repository/org/slf4j/slf4j-api/2.0.16/slf4j-api-2.0.16.jar:/Users/rvechiato/.m2/repository/org/projectlombok/lombok/1.18.30/lombok-1.18.30.jar:/Users/rvechiato/.m2/repository/org/springframework/boot/spring-boot-starter-test/3.4.1/spring-boot-starter-test-3.4.1.jar:/Users/rvechiato/.m2/repository/org/springframework/boot/spring-boot-test/3.4.1/spring-boot-test-3.4.1.jar:/Users/rvechiato/.m2/repository/org/springframework/boot/spring-boot-test-autoconfigure/3.4.1/spring-boot-test-autoconfigure-3.4.1.jar:/Users/rvechiato/.m2/repository/com/jayway/jsonpath/json-path/2.9.0/json-path-2.9.0.jar:/Users/rvechiato/.m2/repository/jakarta/xml/bind/jakarta.xml.bind-api/4.0.2/jakarta.xml.bind-api-4.0.2.jar:/Users/rvechiato/.m2/repository/jakarta/activation/jakarta.activation-api/2.1.3/jakarta.activation-api-2.1.3.jar:/Users/rvechiato/.m2/repository/net/minidev/json-smart/2.5.1/json-smart-2.5.1.jar:/Users/rvechiato/.m2/repository/net/minidev/accessors-smart/2.5.1/accessors-smart-2.5.1.jar:/Users/rvechiato/.m2/repository/org/ow2/asm/asm/9.6/asm-9.6.jar:/Users/rvechiato/.m2/repository/org/assertj/assertj-core/3.26.3/assertj-core-3.26.3.jar:/Users/rvechiato/.m2/repository/net/bytebuddy/byte-buddy/1.15.11/byte-buddy-1.15.11.jar:/Users/rvechiato/.m2/repository/org/awaitility/awaitility/4.2.2/awaitility-4.2.2.jar:/Users/rvechiato/.m2/repository/org/hamcrest/hamcrest/2.2/hamcrest-2.2.jar:/Users/rvechiato/.m2/repository/org/junit/jupiter/junit-jupiter/5.11.4/junit-jupiter-5.11.4.jar:/Users/rvechiato/.m2/repository/org/junit/jupiter/junit-jupiter-api/5.11.4/junit-jupiter-api-5.11.4.jar:/Users/rvechiato/.m2/repository/org/opentest4j/opentest4j/1.3.0/opentest4j-1.3.0.jar:/Users/rvechiato/.m2/repository/org/junit/platform/junit-platform-commons/1.11.4/junit-platform-commons-1.11.4.jar:/Users/rvechiato/.m2/repository/org/apiguardian/apiguardian-api/1.1.2/apiguardian-api-1.1.2.jar:/Users/rvechiato/.m2/repository/org/junit/jupiter/junit-jupiter-params/5.11.4/junit-jupiter-params-5.11.4.jar:/Users/rvechiato/.m2/repository/org/junit/jupiter/junit-jupiter-engine/5.11.4/junit-jupiter-engine-5.11.4.jar:/Users/rvechiato/.m2/repository/org/junit/platform/junit-platform-engine/1.11.4/junit-platform-engine-1.11.4.jar:/Users/rvechiato/.m2/repository/org/mockito/mockito-core/5.14.2/mockito-core-5.14.2.jar:/Users/rvechiato/.m2/repository/net/bytebuddy/byte-buddy-agent/1.15.11/byte-buddy-agent-1.15.11.jar:/Users/rvechiato/.m2/repository/org/objenesis/objenesis/3.3/objenesis-3.3.jar:/Users/rvechiato/.m2/repository/org/mockito/mockito-junit-jupiter/5.14.2/mockito-junit-jupiter-5.14.2.jar:/Users/rvechiato/.m2/repository/org/skyscreamer/jsonassert/1.5.3/jsonassert-1.5.3.jar:/Users/rvechiato/.m2/repository/com/vaadin/external/google/android-json/0.0.20131108.vaadin1/android-json-0.0.20131108.vaadin1.jar:/Users/rvechiato/.m2/repository/org/springframework/spring-core/6.2.1/spring-core-6.2.1.jar:/Users/rvechiato/.m2/repository/org/springframework/spring-jcl/6.2.1/spring-jcl-6.2.1.jar:/Users/rvechiato/.m2/repository/org/springframework/spring-test/6.2.1/spring-test-6.2.1.jar:/Users/rvechiato/.m2/repository/org/xmlunit/xmlunit-core/2.10.0/xmlunit-core-2.10.0.jar:/Users/rvechiato/.m2/repository/org/mapstruct/mapstruct/1.5.5.Final/mapstruct-1.5.5.Final.jar:/Users/rvechiato/.m2/repository/org/mapstruct/mapstruct-processor/1.5.5.Final/mapstruct-processor-1.5.5.Final.jar:/Users/rvechiato/.m2/repository/org/springframework/boot/spring-boot-starter-actuator/3.4.1/spring-boot-starter-actuator-3.4.1.jar:/Users/rvechiato/.m2/repository/org/springframework/boot/spring-boot-actuator-autoconfigure/3.4.1/spring-boot-actuator-autoconfigure-3.4.1.jar:/Users/rvechiato/.m2/repository/org/springframework/boot/spring-boot-actuator/3.4.1/spring-boot-actuator-3.4.1.jar:/Users/rvechiato/.m2/repository/io/micrometer/micrometer-observation/1.14.2/micrometer-observation-1.14.2.jar:/Users/rvechiato/.m2/repository/io/micrometer/micrometer-commons/1.14.2/micrometer-commons-1.14.2.jar:/Users/rvechiato/.m2/repository/io/micrometer/micrometer-jakarta9/1.14.2/micrometer-jakarta9-1.14.2.jar:/Users/rvechiato/.m2/repository/io/micrometer/micrometer-core/1.14.2/micrometer-core-1.14.2.jar:/Users/rvechiato/.m2/repository/org/hdrhistogram/HdrHistogram/2.2.2/HdrHistogram-2.2.2.jar:/Users/rvechiato/.m2/repository/org/latencyutils/LatencyUtils/2.0.3/LatencyUtils-2.0.3.jar:"/>
    <property name="sun.cpu.endian" value="little"/>
    <property name="user.home" value="/Users/rvechiato"/>
    <property name="user.language" value="en"/>
    <property name="java.specification.vendor" value="Oracle Corporation"/>
    <property name="java.version.date" value="2024-07-16"/>
    <property name="java.home" value="/Users/rvechiato/Library/Java/JavaVirtualMachines/corretto-17.0.12/Contents/Home"/>
    <property name="file.separator" value="/"/>
    <property name="basedir" value="/Users/rvechiato/Projects/DonaCidaApp/quaternion-app-donnacida-api/app"/>
    <property name="java.vm.compressedOopsMode" value="Zero based"/>
    <property name="line.separator" value="&#10;"/>
    <property name="java.vm.specification.vendor" value="Oracle Corporation"/>
    <property name="java.specification.name" value="Java Platform API Specification"/>
    <property name="FILE_LOG_CHARSET" value="UTF-8"/>
    <property name="java.awt.headless" value="true"/>
    <property name="surefire.real.class.path" value="/Users/rvechiato/Projects/DonaCidaApp/quaternion-app-donnacida-api/app/target/surefire/surefirebooter-20250222194918519_3.jar"/>
    <property name="sun.management.compiler" value="HotSpot 64-Bit Tiered Compilers"/>
    <property name="ftp.nonProxyHosts" value="local|*.local|169.254/16|*.169.254/16"/>
    <property name="java.runtime.version" value="17.0.12+7-LTS"/>
    <property name="user.name" value="rvechiato"/>
    <property name="path.separator" value=":"/>
    <property name="os.version" value="15.3.1"/>
    <property name="java.runtime.name" value="OpenJDK Runtime Environment"/>
    <property name="file.encoding" value="UTF-8"/>
    <property name="java.vm.name" value="OpenJDK 64-Bit Server VM"/>
    <property name="java.vendor.version" value="Corretto-17.0.12.7.1"/>
    <property name="localRepository" value="/Users/rvechiato/.m2/repository"/>
    <property name="java.vendor.url.bug" value="https://github.com/corretto/corretto-17/issues/"/>
    <property name="java.io.tmpdir" value="/var/folders/1r/yc6ld40d40x3wky57l3r67b40000gn/T/"/>
    <property name="idea.version" value="2024.1.2"/>
    <property name="java.version" value="17.0.12"/>
    <property name="user.dir" value="/Users/rvechiato/Projects/DonaCidaApp/quaternion-app-donnacida-api/app"/>
    <property name="os.arch" value="aarch64"/>
    <property name="java.vm.specification.name" value="Java Virtual Machine Specification"/>
    <property name="PID" value="33148"/>
    <property name="CONSOLE_LOG_CHARSET" value="UTF-8"/>
    <property name="native.encoding" value="UTF-8"/>
    <property name="java.library.path" value="/Users/rvechiato/Library/Java/Extensions:/Library/Java/Extensions:/Network/Library/Java/Extensions:/System/Library/Java/Extensions:/usr/lib/java:."/>
    <property name="java.vm.info" value="mixed mode, sharing"/>
    <property name="java.vendor" value="Amazon.com Inc."/>
    <property name="java.vm.version" value="17.0.12+7-LTS"/>
    <property name="sun.io.unicode.encoding" value="UnicodeBig"/>
    <property name="socksNonProxyHosts" value="local|*.local|169.254/16|*.169.254/16"/>
    <property name="java.class.version" value="61.0"/>
    <property name="LOGGED_APPLICATION_NAME" value="[donnacida-api] "/>
  </properties>
  <testcase name="contextLoads" classname="br.com.vechiato.donnacida_api.DonnacidaApiApplicationTests" time="0.394">
    <system-out><![CDATA[Standard Commons Logging discovery in action with spring-jcl: please remove commons-logging.jar from classpath in order to avoid potential conflicts
19:49:18.897 [main] INFO org.springframework.test.context.support.AnnotationConfigContextLoaderUtils -- Could not detect default configuration classes for test class [br.com.vechiato.donnacida_api.DonnacidaApiApplicationTests]: DonnacidaApiApplicationTests does not declare any static, non-private, non-final, nested classes annotated with @Configuration.
19:49:18.953 [main] INFO org.springframework.boot.test.context.SpringBootTestContextBootstrapper -- Found @SpringBootConfiguration br.com.vechiato.donnacida_api.DonnacidaApiApplication for test class br.com.vechiato.donnacida_api.DonnacidaApiApplicationTests

  .   ____          _            __ _ _
 /\\ / ___'_ __ _ _(_)_ __  __ _ \ \ \ \
( ( )\___ | '_ | '_| | '_ \/ _` | \ \ \ \
 \\/  ___)| |_)| | | | | || (_| |  ) ) ) )
  '  |____| .__|_| |_|_| |_\__, | / / / /
 =========|_|==============|___/=/_/_/_/

 :: Spring Boot ::                (v3.4.1)

2025-02-22T19:49:19.143-03:00  INFO 33148 --- [donnacida-api] [           main] b.c.v.d.DonnacidaApiApplicationTests     : Starting DonnacidaApiApplicationTests using Java 17.0.12 with PID 33148 (started by rvechiato in /Users/rvechiato/Projects/DonaCidaApp/quaternion-app-donnacida-api/app)
2025-02-22T19:49:19.143-03:00  INFO 33148 --- [donnacida-api] [           main] b.c.v.d.DonnacidaApiApplicationTests     : No active profile set, falling back to 1 default profile: "default"
2025-02-22T19:49:20.161-03:00  INFO 33148 --- [donnacida-api] [           main] o.s.b.a.e.web.EndpointLinksResolver      : Exposing 1 endpoint beneath base path '/actuator'
2025-02-22T19:49:20.196-03:00  INFO 33148 --- [donnacida-api] [           main] b.c.v.d.DonnacidaApiApplicationTests     : Started DonnacidaApiApplicationTests in 1.178 seconds (process running for 1.616)
]]></system-out>
  </testcase>
</testsuite>